Setting to use device 1
Note: Google Test filter = *Rng*
[==========] Running 36 tests from 2 test cases.
[----------] Global test environment set-up.
[----------] 18 tests from RandomNumberGeneratorTest/0, where TypeParam = float
[ RUN      ] RandomNumberGeneratorTest/0.TestRngGaussian
[       OK ] RandomNumberGeneratorTest/0.TestRngGaussian (0 ms)
[ RUN      ] RandomNumberGeneratorTest/0.TestRngGaussian2
[       OK ] RandomNumberGeneratorTest/0.TestRngGaussian2 (0 ms)
[ RUN      ] RandomNumberGeneratorTest/0.TestRngUniform
[       OK ] RandomNumberGeneratorTest/0.TestRngUniform (1 ms)
[ RUN      ] RandomNumberGeneratorTest/0.TestRngUniform2
[       OK ] RandomNumberGeneratorTest/0.TestRngUniform2 (0 ms)
[ RUN      ] RandomNumberGeneratorTest/0.TestRngBernoulli
[       OK ] RandomNumberGeneratorTest/0.TestRngBernoulli (0 ms)
[ RUN      ] RandomNumberGeneratorTest/0.TestRngBernoulli2
[       OK ] RandomNumberGeneratorTest/0.TestRngBernoulli2 (0 ms)
[ RUN      ] RandomNumberGeneratorTest/0.TestRngGaussianTimesGaussian
[       OK ] RandomNumberGeneratorTest/0.TestRngGaussianTimesGaussian (1 ms)
[ RUN      ] RandomNumberGeneratorTest/0.TestRngUniformTimesUniform
[       OK ] RandomNumberGeneratorTest/0.TestRngUniformTimesUniform (0 ms)
[ RUN      ] RandomNumberGeneratorTest/0.TestRngGaussianTimesBernoulli
[       OK ] RandomNumberGeneratorTest/0.TestRngGaussianTimesBernoulli (1 ms)
[ RUN      ] RandomNumberGeneratorTest/0.TestRngUniformTimesBernoulli
[       OK ] RandomNumberGeneratorTest/0.TestRngUniformTimesBernoulli (0 ms)
[ RUN      ] RandomNumberGeneratorTest/0.TestRngBernoulliTimesBernoulli
[       OK ] RandomNumberGeneratorTest/0.TestRngBernoulliTimesBernoulli (0 ms)
[ RUN      ] RandomNumberGeneratorTest/0.TestRngGaussianGPU
[       OK ] RandomNumberGeneratorTest/0.TestRngGaussianGPU (1 ms)
[ RUN      ] RandomNumberGeneratorTest/0.TestRngGaussian2GPU
[       OK ] RandomNumberGeneratorTest/0.TestRngGaussian2GPU (1 ms)
[ RUN      ] RandomNumberGeneratorTest/0.TestRngUniformGPU
[       OK ] RandomNumberGeneratorTest/0.TestRngUniformGPU (1 ms)
[ RUN      ] RandomNumberGeneratorTest/0.TestRngUniform2GPU
[       OK ] RandomNumberGeneratorTest/0.TestRngUniform2GPU (1 ms)
[ RUN      ] RandomNumberGeneratorTest/0.TestRngUniformIntGPU
src/caffe/test/test_random_number_generator.cpp:127: Failure
The difference between sample_mean and true_mean is 9.2233720346967101e+18, which exceeds bound, where
sample_mean evaluates to 2158065920,
true_mean evaluates to 9.2233720368547758e+18, and
bound evaluates to 2.0235441203367117e+17.
src/caffe/test/test_random_number_generator.cpp:163: Failure
The difference between bernoulli_p and sample_p_above_mean is 0.5, which exceeds bernoulli_bound, where
bernoulli_p evaluates to 0.5,
sample_p_above_mean evaluates to 0, and
bernoulli_bound evaluates to 0.018999999389052391.
[  FAILED  ] RandomNumberGeneratorTest/0.TestRngUniformIntGPU, where TypeParam = float (1 ms)
[ RUN      ] RandomNumberGeneratorTest/0.TestRngGaussianTimesGaussianGPU
[       OK ] RandomNumberGeneratorTest/0.TestRngGaussianTimesGaussianGPU (1 ms)
[ RUN      ] RandomNumberGeneratorTest/0.TestRngUniformTimesUniformGPU
[       OK ] RandomNumberGeneratorTest/0.TestRngUniformTimesUniformGPU (2 ms)
[----------] 18 tests from RandomNumberGeneratorTest/0 (13 ms total)

[----------] 18 tests from RandomNumberGeneratorTest/1, where TypeParam = double
[ RUN      ] RandomNumberGeneratorTest/1.TestRngGaussian
[       OK ] RandomNumberGeneratorTest/1.TestRngGaussian (0 ms)
[ RUN      ] RandomNumberGeneratorTest/1.TestRngGaussian2
[       OK ] RandomNumberGeneratorTest/1.TestRngGaussian2 (0 ms)
[ RUN      ] RandomNumberGeneratorTest/1.TestRngUniform
[       OK ] RandomNumberGeneratorTest/1.TestRngUniform (0 ms)
[ RUN      ] RandomNumberGeneratorTest/1.TestRngUniform2
[       OK ] RandomNumberGeneratorTest/1.TestRngUniform2 (0 ms)
[ RUN      ] RandomNumberGeneratorTest/1.TestRngBernoulli
[       OK ] RandomNumberGeneratorTest/1.TestRngBernoulli (0 ms)
[ RUN      ] RandomNumberGeneratorTest/1.TestRngBernoulli2
[       OK ] RandomNumberGeneratorTest/1.TestRngBernoulli2 (0 ms)
[ RUN      ] RandomNumberGeneratorTest/1.TestRngGaussianTimesGaussian
[       OK ] RandomNumberGeneratorTest/1.TestRngGaussianTimesGaussian (1 ms)
[ RUN      ] RandomNumberGeneratorTest/1.TestRngUniformTimesUniform
[       OK ] RandomNumberGeneratorTest/1.TestRngUniformTimesUniform (0 ms)
[ RUN      ] RandomNumberGeneratorTest/1.TestRngGaussianTimesBernoulli
[       OK ] RandomNumberGeneratorTest/1.TestRngGaussianTimesBernoulli (0 ms)
[ RUN      ] RandomNumberGeneratorTest/1.TestRngUniformTimesBernoulli
[       OK ] RandomNumberGeneratorTest/1.TestRngUniformTimesBernoulli (1 ms)
[ RUN      ] RandomNumberGeneratorTest/1.TestRngBernoulliTimesBernoulli
[       OK ] RandomNumberGeneratorTest/1.TestRngBernoulliTimesBernoulli (0 ms)
[ RUN      ] RandomNumberGeneratorTest/1.TestRngGaussianGPU
[       OK ] RandomNumberGeneratorTest/1.TestRngGaussianGPU (1 ms)
[ RUN      ] RandomNumberGeneratorTest/1.TestRngGaussian2GPU
[       OK ] RandomNumberGeneratorTest/1.TestRngGaussian2GPU (0 ms)
[ RUN      ] RandomNumberGeneratorTest/1.TestRngUniformGPU
[       OK ] RandomNumberGeneratorTest/1.TestRngUniformGPU (0 ms)
[ RUN      ] RandomNumberGeneratorTest/1.TestRngUniform2GPU
[       OK ] RandomNumberGeneratorTest/1.TestRngUniform2GPU (1 ms)
[ RUN      ] RandomNumberGeneratorTest/1.TestRngUniformIntGPU
src/caffe/test/test_random_number_generator.cpp:127: Failure
The difference between sample_mean and true_mean is 9.2233720346967091e+18, which exceeds bound, where
sample_mean evaluates to 2158067198.3313999,
true_mean evaluates to 9.2233720368547758e+18, and
bound evaluates to 2.0235442047593853e+17.
src/caffe/test/test_random_number_generator.cpp:163: Failure
The difference between bernoulli_p and sample_p_above_mean is 0.5, which exceeds bernoulli_bound, where
bernoulli_p evaluates to 0.5,
sample_p_above_mean evaluates to 0, and
bernoulli_bound evaluates to 0.019.
[  FAILED  ] RandomNumberGeneratorTest/1.TestRngUniformIntGPU, where TypeParam = double (1 ms)
[ RUN      ] RandomNumberGeneratorTest/1.TestRngGaussianTimesGaussianGPU
[       OK ] RandomNumberGeneratorTest/1.TestRngGaussianTimesGaussianGPU (1 ms)
[ RUN      ] RandomNumberGeneratorTest/1.TestRngUniformTimesUniformGPU
[       OK ] RandomNumberGeneratorTest/1.TestRngUniformTimesUniformGPU (2 ms)
[----------] 18 tests from RandomNumberGeneratorTest/1 (10 ms total)

[----------] Global test environment tear-down
[==========] 36 tests from 2 test cases ran. (23 ms total)
[  PASSED  ] 34 tests.
[  FAILED  ] 2 tests, listed below:
[  FAILED  ] RandomNumberGeneratorTest/0.TestRngUniformIntGPU, where TypeParam = float
[  FAILED  ] RandomNumberGeneratorTest/1.TestRngUniformIntGPU, where TypeParam = double

 2 FAILED TESTS
